<?xml version="1.0" encoding="UTF-8"?>
<testsuite xmlns:xsi="http://www.w3.org/2001/XMLSchema-instance" xsi:noNamespaceSchemaLocation="https://maven.apache.org/surefire/maven-surefire-plugin/xsd/surefire-test-report-3.0.xsd" version="3.0" name="com.ssafy.tosi.TosiBackApplicationTests" time="7.241" tests="1" errors="0" skipped="0" failures="0">
  <properties>
[...]
</properties>
  <testcase name="contextLoads" classname="com.ssafy.tosi.TosiBackApplicationTests" time="0.489">
    <system-out><![CDATA[15:25:27.075 [main] INFO org.springframework.test.context.support.AnnotationConfigContextLoaderUtils -- Could not detect default configuration classes for test class [com.ssafy.tosi.TosiBackApplicationTests]: TosiBackApplicationTests does not declare any static, non-private, non-final, nested classes annotated with @Configuration.
15:25:27.191 [main] INFO org.springframework.boot.test.context.SpringBootTestContextBootstrapper -- Found @SpringBootConfiguration com.ssafy.tosi.TosiBackApplication for test class com.ssafy.tosi.TosiBackApplicationTests
                 .--.   _
             .---|__| .((\=.
          .--|===|--|/    ,(,
          |  |===|  |\      y
          |T |   |  | `.__,'
          |o |  T|  | /  \\\
          |s |  o|  |/|  | \`----.
          |i |  s|  ||\  \  |___.'_
         _|  |  i|__||,\  \-+-._.' )_
        / |  |===|--|\  \  \      /  \
       /  `--^---'--' `--`-'---^-'    \
      '================================`
2024-02-13T15:25:27.627+09:00  INFO 21588 --- [           main] c.ssafy.tosi.TosiBackApplicationTests    : Starting TosiBackApplicationTests using Java 17.0.10 with PID 21588 (started by SSAFY in C:\Users\SSAFY\Desktop\S10P12B306\Tosi_Back)
2024-02-13T15:25:27.629+09:00  INFO 21588 --- [           main] c.ssafy.tosi.TosiBackApplicationTests    : No active profile set, falling back to 1 default profile: "default"
2024-02-13T15:25:28.488+09:00  INFO 21588 --- [           main] .s.d.r.c.RepositoryConfigurationDelegate : Bootstrapping Spring Data JPA repositories in DEFAULT mode.
2024-02-13T15:25:28.579+09:00  INFO 21588 --- [           main] .s.d.r.c.RepositoryConfigurationDelegate : Finished Spring Data repository scanning in 82 ms. Found 7 JPA repository interfaces.
2024-02-13T15:25:29.227+09:00  INFO 21588 --- [           main] o.hibernate.jpa.internal.util.LogHelper  : HHH000204: Processing PersistenceUnitInfo [name: default]
2024-02-13T15:25:29.290+09:00  INFO 21588 --- [           main] org.hibernate.Version                    : HHH000412: Hibernate ORM core version 6.4.1.Final
2024-02-13T15:25:29.323+09:00  INFO 21588 --- [           main] o.h.c.internal.RegionFactoryInitiator    : HHH000026: Second-level cache disabled
2024-02-13T15:25:29.590+09:00  INFO 21588 --- [           main] o.s.o.j.p.SpringPersistenceUnitInfo      : No LoadTimeWeaver setup: ignoring JPA class transformer
2024-02-13T15:25:29.617+09:00  INFO 21588 --- [           main] com.zaxxer.hikari.HikariDataSource       : HikariPool-1 - Starting...
2024-02-13T15:25:29.875+09:00  INFO 21588 --- [           main] com.zaxxer.hikari.pool.HikariPool        : HikariPool-1 - Added connection com.mysql.cj.jdbc.ConnectionImpl@6dbb3d7d
2024-02-13T15:25:29.877+09:00  INFO 21588 --- [           main] com.zaxxer.hikari.HikariDataSource       : HikariPool-1 - Start completed.
2024-02-13T15:25:29.911+09:00  WARN 21588 --- [           main] org.hibernate.orm.deprecation            : HHH90000025: MySQL8Dialect does not need to be specified explicitly using 'hibernate.dialect' (remove the property setting and it will be selected by default)
2024-02-13T15:25:29.912+09:00  WARN 21588 --- [           main] org.hibernate.orm.deprecation            : HHH90000026: MySQL8Dialect has been deprecated; use org.hibernate.dialect.MySQLDialect instead
2024-02-13T15:25:30.819+09:00  INFO 21588 --- [           main] o.h.e.t.j.p.i.JtaPlatformInitiator       : HHH000489: No JTA platform available (set 'hibernate.transaction.jta.platform' to enable JTA platform integration)
2024-02-13T15:25:30.822+09:00  INFO 21588 --- [           main] j.LocalContainerEntityManagerFactoryBean : Initialized JPA EntityManagerFactory for persistence unit 'default'
2024-02-13T15:25:31.160+09:00  INFO 21588 --- [           main] o.s.d.j.r.query.QueryEnhancerFactory     : Hibernate is in classpath; If applicable, HQL parser will be used.
2024-02-13T15:25:32.864+09:00  WARN 21588 --- [           main] JpaBaseConfiguration$JpaWebConfiguration : spring.jpa.open-in-view is enabled by default. Therefore, database queries may be performed during view rendering. Explicitly configure spring.jpa.open-in-view to disable this warning
2024-02-13T15:25:33.556+09:00  WARN 21588 --- [           main] ion$DefaultTemplateResolverConfiguration : Cannot find template location: classpath:/templates/ (please add some templates, check your Thymeleaf configuration, or set spring.thymeleaf.check-template-location=false)
2024-02-13T15:25:33.624+09:00  INFO 21588 --- [           main] c.ssafy.tosi.TosiBackApplicationTests    : Started TosiBackApplicationTests in 6.263 seconds (process running for 7.227)
]]></system-out>
  </testcase>
</testsuite>